<?xml version="1.0" encoding="UTF-8"?>
<testng-results skipped="0" failed="0" ignored="0" total="2" passed="2">
  <reporter-output>
  </reporter-output>
  <suite name="Default suite" duration-ms="46693" started-at="2020-01-09T06:12:27Z" finished-at="2020-01-09T06:13:14Z">
    <groups>
    </groups>
    <test name="Default test" duration-ms="46693" started-at="2020-01-09T06:12:27Z" finished-at="2020-01-09T06:13:14Z">
      <class name="demoWebShopTests.RegisterLoginPageTest">
        <test-method status="PASS" signature="startapp()[pri:0, instance:demoWebShopTests.RegisterLoginPageTest@7c16905e]" name="startapp" is-config="true" duration-ms="19246" started-at="2020-01-09T06:12:27Z" finished-at="2020-01-09T06:12:46Z">
          <reporter-output>
          </reporter-output>
        </test-method> <!-- startapp -->
        <test-method status="PASS" signature="Register()[pri:0, instance:demoWebShopTests.RegisterLoginPageTest@7c16905e]" name="Register" duration-ms="4232" started-at="2020-01-09T06:12:46Z" finished-at="2020-01-09T06:12:50Z">
          <reporter-output>
          </reporter-output>
        </test-method> <!-- Register -->
        <test-method status="PASS" signature="closebrowser()[pri:0, instance:demoWebShopTests.RegisterLoginPageTest@7c16905e]" name="closebrowser" is-config="true" duration-ms="338" started-at="2020-01-09T06:12:51Z" finished-at="2020-01-09T06:12:51Z">
          <reporter-output>
          </reporter-output>
        </test-method> <!-- closebrowser -->
        <test-method status="PASS" signature="startapp()[pri:0, instance:demoWebShopTests.RegisterLoginPageTest@7c16905e]" name="startapp" is-config="true" duration-ms="14822" started-at="2020-01-09T06:12:51Z" finished-at="2020-01-09T06:13:06Z">
          <reporter-output>
          </reporter-output>
        </test-method> <!-- startapp -->
        <test-method status="PASS" signature="checklogin()[pri:0, instance:demoWebShopTests.RegisterLoginPageTest@7c16905e]" name="checklogin" duration-ms="7744" started-at="2020-01-09T06:13:06Z" finished-at="2020-01-09T06:13:13Z">
          <reporter-output>
          </reporter-output>
        </test-method> <!-- checklogin -->
        <test-method status="PASS" signature="closebrowser()[pri:0, instance:demoWebShopTests.RegisterLoginPageTest@7c16905e]" name="closebrowser" is-config="true" duration-ms="269" started-at="2020-01-09T06:13:13Z" finished-at="2020-01-09T06:13:14Z">
          <reporter-output>
          </reporter-output>
        </test-method> <!-- closebrowser -->
      </class> <!-- demoWebShopTests.RegisterLoginPageTest -->
    </test> <!-- Default test -->
  </suite> <!-- Default suite -->
</testng-results>
